<?xml version="1.0" encoding="UTF-8"?>
<!-- Generated by org.testng.reporters.JUnitReportReporter -->
<testsuite hostname="LAPTOP-15ODTCFQ" name="TestCases.BaseSuiteFile" tests="1" failures="0" timestamp="15 Oct 2019 15:03:50 GMT" time="33.108" errors="0">
  <testcase name="LoginTest" time="33.108" classname="TestCases.BaseSuiteFile"/>
</testsuite> <!-- TestCases.BaseSuiteFile -->
