<?xml version="1.0" encoding="UTF-8"?>
<!-- Generated by org.testng.reporters.JUnitReportReporter -->
<testsuite hostname="LAPTOP-15ODTCFQ" name="TestCases.A_BaseSuiteFile" tests="1" failures="0" timestamp="2 Nov 2019 11:00:46 GMT" time="58.916" errors="0">
  <testcase name="LoginTest" time="58.916" classname="TestCases.A_BaseSuiteFile"/>
</testsuite> <!-- TestCases.A_BaseSuiteFile -->
